<?xml version="1.0" encoding="UTF-8"?>
<!-- Generated by org.testng.reporters.JUnitXMLReporter -->
<testsuite ignored="3" hostname="DESKTOP-UFUVF4F" failures="0" tests="0" time="0.01" errors="0" timestamp="2022-10-18T15:33:48 IST">
  <testcase classname="com.aspire.frameWork.parallelExecution" name="edgeBrowser" time="0.0">
    <ignored/>
  </testcase> <!-- edgeBrowser -->
  <testcase classname="com.aspire.frameWork.parallelExecution" name="chromeBrowser" time="0.0">
    <ignored/>
  </testcase> <!-- chromeBrowser -->
  <testcase classname="com.aspire.frameWork.parallelExecution" name="execution" time="0.0">
    <ignored/>
  </testcase> <!-- execution -->
</testsuite>
