<?xml version="1.0" encoding="UTF-8"?>
<!-- Generated by org.testng.reporters.JUnitXMLReporter -->
<testsuite ignored="1" hostname="DESKTOP-UFUVF4F" failures="0" tests="2" name="edge" time="70.097" errors="0" timestamp="2022-10-13T20:55:11 IST">
  <testcase classname="com.aspire.frameWork.parallelExecution" name="edgeBrowser" time="10.447"/>
  <testcase classname="com.aspire.frameWork.parallelExecution" name="execution" time="59.614"/>
  <testcase classname="com.aspire.frameWork.parallelExecution" name="chromeBrowser" time="0.0">
    <ignored/>
  </testcase> <!-- chromeBrowser -->
</testsuite> <!-- edge -->
